Scenario status: OK
========================================================================================================================
Run name: Node 1

Summary run status                                                     OK
                 
Artifacts dir                                                          2021-04-19_02-32-13 
OS                                                                     Linux               
DC Apps Performance Toolkit version                                    4.1.0               
Application                                                            jira 8.13.4         
Dataset info                                                           1056874 issues      
Application nodes count                                                1                   
Concurrency                                                            200                 
Expected test run duration from yml file                               2700 sec            
Actual test run duration                                               2896 sec            
Finished                                                               (True, 'OK')        
Compliant                                                              (True, 'OK')        
Success                                                                (True, 'OK')        
Has app-specific actions                                               False               

Action                                                                Success Rate        90th Percentile     Status              
jmeter_login_and_view_dashboard                                        100.0               0.49                OK                  
jmeter_view_issue                                                      100.0               0.21                OK                  
jmeter_search_jql                                                      100.0               0.58                OK                  
jmeter_view_dashboard                                                  100.0               0.36                OK                  
jmeter_view_backlog                                                    100.0               0.34                OK                  
jmeter_create_issue:open_quick_create                                  100.0               0.08                OK                  
jmeter_create_issue:fill_and_submit_issue_form                         100.0               0.29                OK                  
jmeter_view_project_summary                                            100.0               0.23                OK                  
jmeter_edit_issue:open_editor                                          100.0               0.1                 OK                  
jmeter_edit_issue:save_edit                                            100.0               0.43                OK                  
jmeter_browse_projects                                                 100.0               0.06                OK                  
jmeter_view_kanban_board                                               100.0               0.25                OK                  
jmeter_view_scrum_board                                                100.0               0.15                OK                  
jmeter_add_comment:open_comment                                        100.0               0.07                OK                  
jmeter_add_comment:save_comment                                        100.0               0.22                OK                  
jmeter_browse_boards                                                   100.0               0.08                OK                  
selenium_login:open_login_page                                         100.0               0.12                OK                  
selenium_login:login_and_view_dashboard                                100.0               0.58                OK                  
selenium_login                                                         100.0               0.69                OK                  
selenium_browse_projects_list                                          100.0               0.28                OK                  
selenium_browse_boards_list                                            100.0               0.29                OK                  
selenium_create_issue:open_quick_create                                100.0               0.81                OK                  
selenium_create_issue:fill_and_submit_issue_form:submit_issue_form     100.0               0.62                OK                  
selenium_create_issue:fill_and_submit_issue_form                       100.0               1.22                OK                  
selenium_create_issue                                                  100.0               2.02                OK                  
selenium_edit_issue:open_edit_issue_form                               100.0               0.66                OK                  
selenium_edit_issue:save_edit_issue_form                               100.0               0.62                OK                  
selenium_edit_issue                                                    100.0               1.63                OK                  
selenium_save_comment:open_comment_form                                100.0               0.41                OK                  
selenium_save_comment:submit_form                                      100.0               0.87                OK                  
selenium_save_comment                                                  100.0               1.42                OK                  
selenium_search_jql                                                    100.0               1.29                OK                  
selenium_view_scrum_board_backlog                                      100.0               1.41                OK                  
selenium_view_scrum_board                                              100.0               0.82                OK                  
selenium_view_kanban_board                                             100.0               0.98                OK                  
selenium_view_dashboard                                                100.0               0.49                OK                  
selenium_view_issue                                                    100.0               0.72                OK                  
selenium_project_summary                                               100.0               0.51                OK                  
selenium_log_out                                                       100.0               0.39                OK                  

========================================================================================================================
Run name: Node 2

Summary run status                                                     OK
                 
Artifacts dir                                                          2021-04-19_03-45-43 
OS                                                                     Linux               
DC Apps Performance Toolkit version                                    4.1.0               
Application                                                            jira 8.13.4         
Dataset info                                                           1058794 issues      
Application nodes count                                                1                   
Concurrency                                                            200                 
Expected test run duration from yml file                               2700 sec            
Actual test run duration                                               2896 sec            
Finished                                                               (True, 'OK')        
Compliant                                                              (True, 'OK')        
Success                                                                (True, 'OK')        
Has app-specific actions                                               False               

Action                                                                Success Rate        90th Percentile     Status              
jmeter_login_and_view_dashboard                                        100.0               0.47                OK                  
jmeter_view_issue                                                      100.0               0.22                OK                  
jmeter_search_jql                                                      100.0               0.6                 OK                  
jmeter_view_dashboard                                                  100.0               0.39                OK                  
jmeter_view_backlog                                                    100.0               0.35                OK                  
jmeter_create_issue:open_quick_create                                  100.0               0.09                OK                  
jmeter_create_issue:fill_and_submit_issue_form                         100.0               0.28                OK                  
jmeter_view_project_summary                                            100.0               0.22                OK                  
jmeter_edit_issue:open_editor                                          100.0               0.1                 OK                  
jmeter_edit_issue:save_edit                                            100.0               0.42                OK                  
jmeter_browse_projects                                                 100.0               0.06                OK                  
jmeter_view_kanban_board                                               100.0               0.25                OK                  
jmeter_view_scrum_board                                                100.0               0.14                OK                  
jmeter_add_comment:open_comment                                        100.0               0.07                OK                  
jmeter_add_comment:save_comment                                        100.0               0.22                OK                  
jmeter_browse_boards                                                   100.0               0.08                OK                  
selenium_login:open_login_page                                         100.0               0.12                OK                  
selenium_login:login_and_view_dashboard                                100.0               0.59                OK                  
selenium_login                                                         100.0               0.7                 OK                  
selenium_browse_projects_list                                          100.0               0.29                OK                  
selenium_browse_boards_list                                            100.0               0.29                OK                  
selenium_create_issue:open_quick_create                                100.0               0.81                OK                  
selenium_create_issue:fill_and_submit_issue_form:submit_issue_form     100.0               0.62                OK                  
selenium_create_issue:fill_and_submit_issue_form                       100.0               1.22                OK                  
selenium_create_issue                                                  100.0               2.02                OK                  
selenium_edit_issue:open_edit_issue_form                               100.0               0.66                OK                  
selenium_edit_issue:save_edit_issue_form                               100.0               0.62                OK                  
selenium_edit_issue                                                    100.0               1.64                OK                  
selenium_save_comment:open_comment_form                                100.0               0.41                OK                  
selenium_save_comment:submit_form                                      100.0               0.85                OK                  
selenium_save_comment                                                  100.0               1.4                 OK                  
selenium_search_jql                                                    100.0               1.28                OK                  
selenium_view_scrum_board_backlog                                      100.0               1.42                OK                  
selenium_view_scrum_board                                              100.0               0.81                OK                  
selenium_view_kanban_board                                             100.0               0.99                OK                  
selenium_view_dashboard                                                100.0               0.5                 OK                  
selenium_view_issue                                                    100.0               0.72                OK                  
selenium_project_summary                                               100.0               0.51                OK                  
selenium_log_out                                                       100.0               0.39                OK                  

========================================================================================================================
Run name: Node 4

Summary run status                                                     OK
                 
Artifacts dir                                                          2021-04-19_04-52-06 
OS                                                                     Linux               
DC Apps Performance Toolkit version                                    4.1.0               
Application                                                            jira 8.13.4         
Dataset info                                                           1060714 issues      
Application nodes count                                                1                   
Concurrency                                                            200                 
Expected test run duration from yml file                               2700 sec            
Actual test run duration                                               2897 sec            
Finished                                                               (True, 'OK')        
Compliant                                                              (True, 'OK')        
Success                                                                (True, 'OK')        
Has app-specific actions                                               False               

Action                                                                Success Rate        90th Percentile     Status              
jmeter_login_and_view_dashboard                                        100.0               0.47                OK                  
jmeter_view_issue                                                      100.0               0.21                OK                  
jmeter_search_jql                                                      100.0               0.59                OK                  
jmeter_view_dashboard                                                  100.0               0.37                OK                  
jmeter_view_backlog                                                    100.0               0.35                OK                  
jmeter_create_issue:open_quick_create                                  100.0               0.08                OK                  
jmeter_create_issue:fill_and_submit_issue_form                         100.0               0.31                OK                  
jmeter_view_project_summary                                            100.0               0.22                OK                  
jmeter_edit_issue:open_editor                                          100.0               0.1                 OK                  
jmeter_edit_issue:save_edit                                            100.0               0.42                OK                  
jmeter_browse_projects                                                 100.0               0.06                OK                  
jmeter_view_kanban_board                                               100.0               0.25                OK                  
jmeter_view_scrum_board                                                100.0               0.16                OK                  
jmeter_add_comment:open_comment                                        100.0               0.07                OK                  
jmeter_add_comment:save_comment                                        100.0               0.21                OK                  
jmeter_browse_boards                                                   100.0               0.08                OK                  
selenium_login:open_login_page                                         100.0               0.12                OK                  
selenium_login:login_and_view_dashboard                                100.0               0.58                OK                  
selenium_login                                                         100.0               0.69                OK                  
selenium_browse_projects_list                                          100.0               0.29                OK                  
selenium_browse_boards_list                                            100.0               0.29                OK                  
selenium_create_issue:open_quick_create                                100.0               0.82                OK                  
selenium_create_issue:fill_and_submit_issue_form:submit_issue_form     100.0               0.62                OK                  
selenium_create_issue:fill_and_submit_issue_form                       100.0               1.22                OK                  
selenium_create_issue                                                  100.0               2.03                OK                  
selenium_edit_issue:open_edit_issue_form                               100.0               0.66                OK                  
selenium_edit_issue:save_edit_issue_form                               100.0               0.62                OK                  
selenium_edit_issue                                                    100.0               1.63                OK                  
selenium_save_comment:open_comment_form                                100.0               0.43                OK                  
selenium_save_comment:submit_form                                      100.0               0.85                OK                  
selenium_save_comment                                                  100.0               1.4                 OK                  
selenium_search_jql                                                    100.0               1.18                OK                  
selenium_view_scrum_board_backlog                                      100.0               1.42                OK                  
selenium_view_scrum_board                                              100.0               0.82                OK                  
selenium_view_kanban_board                                             100.0               1.07                OK                  
selenium_view_dashboard                                                100.0               0.54                OK                  
selenium_view_issue                                                    100.0               0.73                OK                  
selenium_project_summary                                               100.0               0.49                OK                  
selenium_log_out                                                       100.0               0.4                 OK                  

========================================================================================================================
