Scenario status: OK
========================================================================================================================
Run name: without app

Summary run status                                                     OK
                 
Artifacts dir                                                          2021-04-18_10-07-26 
OS                                                                     Linux               
DC Apps Performance Toolkit version                                    4.1.0               
Application                                                            jira 8.13.4         
Dataset info                                                           1053037 issues      
Application nodes count                                                1                   
Concurrency                                                            200                 
Expected test run duration from yml file                               2700 sec            
Actual test run duration                                               2896 sec            
Finished                                                               (True, 'OK')        
Compliant                                                              (True, 'OK')        
Success                                                                (True, 'OK')        
Has app-specific actions                                               False               

Action                                                                Success Rate        90th Percentile     Status              
jmeter_login_and_view_dashboard                                        100.0               0.61                OK                  
jmeter_view_dashboard                                                  100.0               0.37                OK                  
jmeter_view_issue                                                      100.0               0.27                OK                  
jmeter_search_jql                                                      100.0               0.62                OK                  
jmeter_create_issue:open_quick_create                                  100.0               0.09                OK                  
jmeter_view_backlog                                                    100.0               0.35                OK                  
jmeter_create_issue:fill_and_submit_issue_form                         100.0               0.32                OK                  
jmeter_view_project_summary                                            100.0               0.99                OK                  
jmeter_edit_issue:open_editor                                          100.0               0.1                 OK                  
jmeter_view_kanban_board                                               100.0               0.24                OK                  
jmeter_view_scrum_board                                                100.0               0.15                OK                  
jmeter_edit_issue:save_edit                                            100.0               0.48                OK                  
jmeter_browse_projects                                                 100.0               0.06                OK                  
jmeter_add_comment:open_comment                                        100.0               0.07                OK                  
jmeter_add_comment:save_comment                                        100.0               0.24                OK                  
jmeter_browse_boards                                                   100.0               0.07                OK                  
selenium_login:open_login_page                                         100.0               0.12                OK                  
selenium_login:login_and_view_dashboard                                100.0               1.28                OK                  
selenium_login                                                         100.0               1.4                 OK                  
selenium_browse_projects_list                                          100.0               0.28                OK                  
selenium_browse_boards_list                                            100.0               0.3                 OK                  
selenium_create_issue:open_quick_create                                100.0               0.81                OK                  
selenium_create_issue:fill_and_submit_issue_form:submit_issue_form     100.0               0.62                OK                  
selenium_create_issue:fill_and_submit_issue_form                       100.0               1.22                OK                  
selenium_create_issue                                                  100.0               2.01                OK                  
selenium_edit_issue:open_edit_issue_form                               100.0               0.65                OK                  
selenium_edit_issue:save_edit_issue_form                               100.0               0.62                OK                  
selenium_edit_issue                                                    100.0               1.63                OK                  
selenium_save_comment:open_comment_form                                100.0               0.43                OK                  
selenium_save_comment:submit_form                                      100.0               0.9                 OK                  
selenium_save_comment                                                  100.0               1.46                OK                  
selenium_search_jql                                                    100.0               1.14                OK                  
selenium_view_scrum_board_backlog                                      100.0               1.41                OK                  
selenium_view_scrum_board                                              100.0               0.86                OK                  
selenium_view_kanban_board                                             100.0               1.05                OK                  
selenium_view_dashboard                                                100.0               0.5                 OK                  
selenium_view_issue                                                    100.0               0.72                OK                  
selenium_project_summary                                               100.0               0.49                OK                  
selenium_log_out                                                       100.0               0.35                OK                  

========================================================================================================================
Run name: with app

Summary run status                                                     OK
                 
Artifacts dir                                                          2021-04-18_12-07-46 
OS                                                                     Linux               
DC Apps Performance Toolkit version                                    4.1.0               
Application                                                            jira 8.13.4         
Dataset info                                                           1054954 issues      
Application nodes count                                                1                   
Concurrency                                                            200                 
Expected test run duration from yml file                               2700 sec            
Actual test run duration                                               2896 sec            
Finished                                                               (True, 'OK')        
Compliant                                                              (True, 'OK')        
Success                                                                (True, 'OK')        
Has app-specific actions                                               False               

Action                                                                Success Rate        90th Percentile     Status              
jmeter_login_and_view_dashboard                                        100.0               0.47                OK                  
jmeter_view_issue                                                      100.0               0.21                OK                  
jmeter_search_jql                                                      100.0               0.59                OK                  
jmeter_view_dashboard                                                  100.0               0.36                OK                  
jmeter_view_backlog                                                    100.0               0.34                OK                  
jmeter_create_issue:open_quick_create                                  100.0               0.09                OK                  
jmeter_create_issue:fill_and_submit_issue_form                         100.0               0.3                 OK                  
jmeter_view_project_summary                                            100.0               0.41                OK                  
jmeter_edit_issue:open_editor                                          100.0               0.1                 OK                  
jmeter_edit_issue:save_edit                                            100.0               0.43                OK                  
jmeter_browse_projects                                                 100.0               0.06                OK                  
jmeter_view_kanban_board                                               100.0               0.24                OK                  
jmeter_view_scrum_board                                                100.0               0.15                OK                  
jmeter_add_comment:open_comment                                        100.0               0.07                OK                  
jmeter_add_comment:save_comment                                        100.0               0.22                OK                  
jmeter_browse_boards                                                   100.0               0.07                OK                  
selenium_login:open_login_page                                         100.0               0.12                OK                  
selenium_login:login_and_view_dashboard                                100.0               1.24                OK                  
selenium_login                                                         100.0               1.34                OK                  
selenium_browse_projects_list                                          100.0               0.29                OK                  
selenium_browse_boards_list                                            100.0               0.29                OK                  
selenium_create_issue:open_quick_create                                100.0               0.81                OK                  
selenium_create_issue:fill_and_submit_issue_form:submit_issue_form     100.0               0.62                OK                  
selenium_create_issue:fill_and_submit_issue_form                       100.0               1.21                OK                  
selenium_create_issue                                                  100.0               2.0                 OK                  
selenium_edit_issue:open_edit_issue_form                               100.0               0.66                OK                  
selenium_edit_issue:save_edit_issue_form                               100.0               0.62                OK                  
selenium_edit_issue                                                    100.0               1.63                OK                  
selenium_save_comment:open_comment_form                                100.0               0.41                OK                  
selenium_save_comment:submit_form                                      100.0               0.88                OK                  
selenium_save_comment                                                  100.0               1.43                OK                  
selenium_search_jql                                                    100.0               1.3                 OK                  
selenium_view_scrum_board_backlog                                      100.0               1.41                OK                  
selenium_view_scrum_board                                              100.0               0.82                OK                  
selenium_view_kanban_board                                             100.0               1.01                OK                  
selenium_view_dashboard                                                100.0               0.51                OK                  
selenium_view_issue                                                    100.0               0.71                OK                  
selenium_project_summary                                               100.0               0.51                OK                  
selenium_log_out                                                       100.0               0.38                OK                  

========================================================================================================================
